# JRE version: OpenJDK Runtime Environment (11.0.6+10) (build 11.0.6+10)
# Java VM: OpenJDK 64-Bit Server VM (11.0.6+10, mixed mode, tiered, compressed oops, g1 gc, linux-amd64)
Heap:
 garbage-first heap   total 153600K, used 137147K [0x00000000f0000000, 0x0000000100000000)
  region size 1024K, 4 young (4096K), 1 survivors (1024K)
 Metaspace       used 39938K, capacity 40511K, committed 41216K, reserved 1085440K
  class space    used 4781K, capacity 5005K, committed 5120K, reserved 1048576K
GC Heap History (20 events):
Event: 1.769 GC heap before
{Heap before GC invocations=50 (full 0):
 garbage-first heap   total 147456K, used 138704K [0x00000000f0000000, 0x0000000100000000)
  region size 1024K, 7 young (7168K), 1 survivors (1024K)
 Metaspace       used 12303K, capacity 12484K, committed 12800K, reserved 1060864K
  class space    used 1198K, capacity 1270K, committed 1280K, reserved 1048576K
}
Event: 1.773 GC heap after
{Heap after GC invocations=51 (full 0):
 garbage-first heap   total 147456K, used 135468K [0x00000000f0000000, 0x0000000100000000)
  region size 1024K, 1 young (1024K), 1 survivors (1024K)
 Metaspace       used 12303K, capacity 12484K, committed 12800K, reserved 1060864K
  class space    used 1198K, capacity 1270K, committed 1280K, reserved 1048576K
}
Event: 1.966 GC heap before
{Heap before GC invocations=51 (full 0):
 garbage-first heap   total 147456K, used 141612K [0x00000000f0000000, 0x0000000100000000)
  region size 1024K, 7 young (7168K), 1 survivors (1024K)
 Metaspace       used 14003K, capacity 14148K, committed 14592K, reserved 1062912K
  class space    used 1396K, capacity 1462K, committed 1536K, reserved 1048576K
}
Event: 1.970 GC heap after
{Heap after GC invocations=52 (full 0):
 garbage-first heap   total 147456K, used 136653K [0x00000000f0000000, 0x0000000100000000)
  region size 1024K, 1 young (1024K), 1 survivors (1024K)
 Metaspace       used 14003K, capacity 14148K, committed 14592K, reserved 1062912K
  class space    used 1396K, capacity 1462K, committed 1536K, reserved 1048576K
}
Event: 2.374 GC heap before
{Heap before GC invocations=52 (full 0):
 garbage-first heap   total 147456K, used 141773K [0x00000000f0000000, 0x0000000100000000)
  region size 1024K, 7 young (7168K), 1 survivors (1024K)
 Metaspace       used 20233K, capacity 20581K, committed 20992K, reserved 1069056K
  class space    used 2133K, capacity 2243K, committed 2304K, reserved 1048576K
}
Event: 2.379 GC heap after
{Heap after GC invocations=53 (full 0):
 garbage-first heap   total 147456K, used 138203K [0x00000000f0000000, 0x0000000100000000)
  region size 1024K, 1 young (1024K), 1 survivors (1024K)
 Metaspace       used 20233K, capacity 20581K, committed 20992K, reserved 1069056K
  class space    used 2133K, capacity 2243K, committed 2304K, reserved 1048576K
}
Event: 2.770 GC heap before
{Heap before GC invocations=54 (full 0):
 garbage-first heap   total 147456K, used 143323K [0x00000000f0000000, 0x0000000100000000)
  region size 1024K, 7 young (7168K), 1 survivors (1024K)
 Metaspace       used 24145K, capacity 24617K, committed 24832K, reserved 1071104K
  class space    used 2641K, capacity 2809K, committed 2816K, reserved 1048576K
}
Event: 2.774 GC heap after
{Heap after GC invocations=55 (full 0):
 garbage-first heap   total 147456K, used 138442K [0x00000000f0000000, 0x0000000100000000)
  region size 1024K, 1 young (1024K), 1 survivors (1024K)
 Metaspace       used 24145K, capacity 24617K, committed 24832K, reserved 1071104K
  class space    used 2641K, capacity 2809K, committed 2816K, reserved 1048576K
}
Event: 2.942 GC heap before
{Heap before GC invocations=55 (full 0):
 garbage-first heap   total 147456K, used 144586K [0x00000000f0000000, 0x0000000100000000)
  region size 1024K, 7 young (7168K), 1 survivors (1024K)
 Metaspace       used 25101K, capacity 25673K, committed 26112K, reserved 1073152K
  class space    used 2732K, capacity 2948K, committed 3072K, reserved 1048576K
}
Event: 2.948 GC heap after
{Heap after GC invocations=56 (full 0):
 garbage-first heap   total 153600K, used 130547K [0x00000000f0000000, 0x0000000100000000)
  region size 1024K, 1 young (1024K), 1 survivors (1024K)
 Metaspace       used 25101K, capacity 25673K, committed 26112K, reserved 1073152K
  class space    used 2732K, capacity 2948K, committed 3072K, reserved 1048576K
}
Event: 3.081 GC heap before
{Heap before GC invocations=56 (full 0):
 garbage-first heap   total 153600K, used 136691K [0x00000000f0000000, 0x0000000100000000)
  region size 1024K, 7 young (7168K), 1 survivors (1024K)
 Metaspace       used 27755K, capacity 28274K, committed 28672K, reserved 1075200K
  class space    used 3040K, capacity 3237K, committed 3328K, reserved 1048576K
}
Event: 3.085 GC heap after
{Heap after GC invocations=57 (full 0):
 garbage-first heap   total 153600K, used 132091K [0x00000000f0000000, 0x0000000100000000)
  region size 1024K, 1 young (1024K), 1 survivors (1024K)
 Metaspace       used 27755K, capacity 28274K, committed 28672K, reserved 1075200K
  class space    used 3040K, capacity 3237K, committed 3328K, reserved 1048576K
}
Event: 3.342 GC heap before
{Heap before GC invocations=58 (full 0):
 garbage-first heap   total 153600K, used 138235K [0x00000000f0000000, 0x0000000100000000)
  region size 1024K, 7 young (7168K), 1 survivors (1024K)
 Metaspace       used 33826K, capacity 34358K, committed 35072K, reserved 1079296K
  class space    used 4055K, capacity 4238K, committed 4352K, reserved 1048576K
}
Event: 3.347 GC heap after
{Heap after GC invocations=59 (full 0):
 garbage-first heap   total 153600K, used 134503K [0x00000000f0000000, 0x0000000100000000)
  region size 1024K, 1 young (1024K), 1 survivors (1024K)
 Metaspace       used 33826K, capacity 34358K, committed 35072K, reserved 1079296K
  class space    used 4055K, capacity 4238K, committed 4352K, reserved 1048576K
}
Event: 3.768 GC heap before
{Heap before GC invocations=59 (full 0):
 garbage-first heap   total 153600K, used 140647K [0x00000000f0000000, 0x0000000100000000)
  region size 1024K, 7 young (7168K), 1 survivors (1024K)
 Metaspace       used 38421K, capacity 38954K, committed 39680K, reserved 1083392K
  class space    used 4617K, capacity 4808K, committed 4864K, reserved 1048576K
}
Event: 3.774 GC heap after
{Heap after GC invocations=60 (full 0):
 garbage-first heap   total 153600K, used 132244K [0x00000000f0000000, 0x0000000100000000)
  region size 1024K, 1 young (1024K), 1 survivors (1024K)
 Metaspace       used 38421K, capacity 38954K, committed 39680K, reserved 1083392K
  class space    used 4617K, capacity 4808K, committed 4864K, reserved 1048576K
}
Event: 3.896 GC heap before
{Heap before GC invocations=60 (full 0):
 garbage-first heap   total 153600K, used 135316K [0x00000000f0000000, 0x0000000100000000)
  region size 1024K, 5 young (5120K), 1 survivors (1024K)
 Metaspace       used 39848K, capacity 40447K, committed 41216K, reserved 1085440K
  class space    used 4781K, capacity 5005K, committed 5120K, reserved 1048576K
}
Event: 3.901 GC heap after
{Heap after GC invocations=61 (full 0):
 garbage-first heap   total 153600K, used 133369K [0x00000000f0000000, 0x0000000100000000)
  region size 1024K, 1 young (1024K), 1 survivors (1024K)
 Metaspace       used 39848K, capacity 40447K, committed 41216K, reserved 1085440K
  class space    used 4781K, capacity 5005K, committed 5120K, reserved 1048576K
}
Event: 3.965 GC heap before
{Heap before GC invocations=61 (full 0):
 garbage-first heap   total 153600K, used 140537K [0x00000000f0000000, 0x0000000100000000)
  region size 1024K, 7 young (7168K), 1 survivors (1024K)
 Metaspace       used 39934K, capacity 40511K, committed 41216K, reserved 1085440K
  class space    used 4781K, capacity 5005K, committed 5120K, reserved 1048576K
}
Event: 3.968 GC heap after
{Heap after GC invocations=62 (full 0):
 garbage-first heap   total 153600K, used 135099K [0x00000000f0000000, 0x0000000100000000)
  region size 1024K, 1 young (1024K), 1 survivors (1024K)
 Metaspace       used 39934K, capacity 40511K, committed 41216K, reserved 1085440K
  class space    used 4781K, capacity 5005K, committed 5120K, reserved 1048576K
}

